<?xml version="1.0" encoding="UTF-8" standalone="no"?><testsuite errors="1" failures="0" name="Regression JM" skipped="0" tests="4" time="7.74" timestamp="2024-02-22 11:32:20"><testcase name="1. New client with Analysis in Emma JM"/><testcase name="2. Approve client with analysis in Workflow"><error message="The following error occurred: target frame detached&#10;  (failed to check if window was closed: disconnected: Unable to receive message from renderer)&#10;  (Session info: chrome=121.0.6167.185)&#10;Build info: version: '4.12.0', revision: '249f2a7d1b*'&#10;System info: os.name: 'Windows 11', os.arch: 'amd64', os.version: '10.0', java.version: '17.0.2'&#10;Driver info: org.openqa.selenium.chrome.ChromeDriver&#10;Command: [9c0f11e07efe47bba75bd5739b376c8f, findElement {using=xpath, value=/html/body/app-root/app-main-layout/div/mat-sidenav-container/mat-sidenav-content/div[2]/app-bo-requests-evaluation/div/div[3]/app-bo-requests-evaluation-table/div/div/table/tbody/tr/td[1]/div}]&#10;Capabilities {acceptInsecureCerts: false, browserName: chrome, browserVersion: 121.0.6167.185, chrome: {chromedriverVersion: 121.0.6167.184 (057a8ae7deb..., userDataDir: C:\Users\walther\AppData\Lo...}, fedcm:accounts: true, goog:chromeOptions: {debuggerAddress: localhost:52771}, networkConnectionEnabled: false, pageLoadStrategy: normal, platformName: windows, proxy: Proxy(), se:cdp: ws://localhost:52771/devtoo..., se:cdpVersion: 121.0.6167.185, setWindowRect: true, strictFileInteractability: false, timeouts: {implicit: 540000, pageLoad: 700000, script: 30000}, unhandledPromptBehavior: dismiss and notify, webauthn:extension:credBlob: true, webauthn:extension:largeBlob: true, webauthn:extension:minPinLength: true, webauthn:extension:prf: true, webauthn:virtualAuthenticators: true}&#10;Session ID: 9c0f11e07efe47bba75bd5739b376c8f" type="org.openqa.selenium.WebDriverException">The following error occurred: target frame detached
  (failed to check if window was closed: disconnected: Unable to receive message from renderer)
  (Session info: chrome=121.0.6167.185)
Build info: version: '4.12.0', revision: '249f2a7d1b*'
System info: os.name: 'Windows 11', os.arch: 'amd64', os.version: '10.0', java.version: '17.0.2'
Driver info: org.openqa.selenium.chrome.ChromeDriver
Command: [9c0f11e07efe47bba75bd5739b376c8f, findElement {using=xpath, value=/html/body/app-root/app-main-layout/div/mat-sidenav-container/mat-sidenav-content/div[2]/app-bo-requests-evaluation/div/div[3]/app-bo-requests-evaluation-table/div/div/table/tbody/tr/td[1]/div}]
Capabilities {acceptInsecureCerts: false, browserName: chrome, browserVersion: 121.0.6167.185, chrome: {chromedriverVersion: 121.0.6167.184 (057a8ae7deb..., userDataDir: C:\Users\walther\AppData\Lo...}, fedcm:accounts: true, goog:chromeOptions: {debuggerAddress: localhost:52771}, networkConnectionEnabled: false, pageLoadStrategy: normal, platformName: windows, proxy: Proxy(), se:cdp: ws://localhost:52771/devtoo..., se:cdpVersion: 121.0.6167.185, setWindowRect: true, strictFileInteractability: false, timeouts: {implicit: 540000, pageLoad: 700000, script: 30000}, unhandledPromptBehavior: dismiss and notify, webauthn:extension:credBlob: true, webauthn:extension:largeBlob: true, webauthn:extension:minPinLength: true, webauthn:extension:prf: true, webauthn:virtualAuthenticators: true}
Session ID: 9c0f11e07efe47bba75bd5739b376c8f</error><system-err>The following error occurred: target frame detached
  (failed to check if window was closed: disconnected: Unable to receive message from renderer)
  (Session info: chrome=121.0.6167.185)
Build info: version: '4.12.0', revision: '249f2a7d1b*'
System info: os.name: 'Windows 11', os.arch: 'amd64', os.version: '10.0', java.version: '17.0.2'
Driver info: org.openqa.selenium.chrome.ChromeDriver
Command: [9c0f11e07efe47bba75bd5739b376c8f, findElement {using=xpath, value=/html/body/app-root/app-main-layout/div/mat-sidenav-container/mat-sidenav-content/div[2]/app-bo-requests-evaluation/div/div[3]/app-bo-requests-evaluation-table/div/div/table/tbody/tr/td[1]/div}]
Capabilities {acceptInsecureCerts: false, browserName: chrome, browserVersion: 121.0.6167.185, chrome: {chromedriverVersion: 121.0.6167.184 (057a8ae7deb..., userDataDir: C:\Users\walther\AppData\Lo...}, fedcm:accounts: true, goog:chromeOptions: {debuggerAddress: localhost:52771}, networkConnectionEnabled: false, pageLoadStrategy: normal, platformName: windows, proxy: Proxy(), se:cdp: ws://localhost:52771/devtoo..., se:cdpVersion: 121.0.6167.185, setWindowRect: true, strictFileInteractability: false, timeouts: {implicit: 540000, pageLoad: 700000, script: 30000}, unhandledPromptBehavior: dismiss and notify, webauthn:extension:credBlob: true, webauthn:extension:largeBlob: true, webauthn:extension:minPinLength: true, webauthn:extension:prf: true, webauthn:virtualAuthenticators: true}
Session ID: 9c0f11e07efe47bba75bd5739b376c8f&#13;
net.thucydides.core.steps.StepInterceptor.invokeMethod(StepInterceptor.java:519)&#13;
net.thucydides.core.steps.StepInterceptor.executeTestStepMethod(StepInterceptor.java:499)&#13;
net.thucydides.core.steps.StepInterceptor.runTestStep(StepInterceptor.java:471)&#13;
net.thucydides.core.steps.StepInterceptor.runOrSkipMethod(StepInterceptor.java:213)&#13;
net.thucydides.core.steps.StepInterceptor.testStepResult(StepInterceptor.java:200)&#13;
net.thucydides.core.steps.StepInterceptor.intercept(StepInterceptor.java:92)&#13;
org.unicomer.task.workflow.SearchRequestEvaluation.performAs(SearchRequestEvaluation.java:23)&#13;
net.thucydides.core.steps.StepInterceptor.invokeMethod(StepInterceptor.java:519)&#13;
net.thucydides.core.steps.StepInterceptor.executeTestStepMethod(StepInterceptor.java:499)&#13;
net.thucydides.core.steps.StepInterceptor.runTestStep(StepInterceptor.java:471)&#13;
net.thucydides.core.steps.StepInterceptor.runOrSkipMethod(StepInterceptor.java:213)&#13;
net.thucydides.core.steps.StepInterceptor.testStepResult(StepInterceptor.java:200)&#13;
net.thucydides.core.steps.StepInterceptor.intercept(StepInterceptor.java:92)&#13;
org.unicomer.stepDefinitions.workFlow.RequestTracking.searchClientByDocument(RequestTracking.java:20)&#13;
io.cucumber.java.Invoker.doInvoke(Invoker.java:66)&#13;
io.cucumber.java.Invoker.invoke(Invoker.java:24)&#13;
io.cucumber.java.AbstractGlueDefinition.invokeMethod(AbstractGlueDefinition.java:47)&#13;
io.cucumber.java.JavaStepDefinition.execute(JavaStepDefinition.java:29)&#13;
io.cucumber.core.runner.CoreStepDefinition.execute(CoreStepDefinition.java:66)&#13;
io.cucumber.core.runner.PickleStepDefinitionMatch.runStep(PickleStepDefinitionMatch.java:63)&#13;
io.cucumber.core.runner.TestStep.executeStep(TestStep.java:84)&#13;
io.cucumber.core.runner.TestStep.run(TestStep.java:56)&#13;
io.cucumber.core.runner.PickleStepTestStep.run(PickleStepTestStep.java:51)&#13;
io.cucumber.core.runner.TestCase.run(TestCase.java:84)&#13;
io.cucumber.core.runner.Runner.runPickle(Runner.java:75)&#13;
io.cucumber.core.runtime.CucumberExecutionContext.lambda$runTestCase$5(CucumberExecutionContext.java:137)&#13;
io.cucumber.core.runtime.RethrowingThrowableCollector.executeAndThrow(RethrowingThrowableCollector.java:23)&#13;
io.cucumber.core.runtime.CucumberExecutionContext.runTestCase(CucumberExecutionContext.java:137)&#13;
io.cucumber.junit.FeatureRunner.runChild(FeatureRunner.java:144)&#13;
io.cucumber.junit.FeatureRunner.runChild(FeatureRunner.java:28)&#13;
io.cucumber.junit.FeatureRunner.run(FeatureRunner.java:137)&#13;
io.cucumber.junit.CucumberSerenityBaseRunner.runChild(CucumberSerenityBaseRunner.java:330)&#13;
io.cucumber.junit.CucumberSerenityBaseRunner.runChild(CucumberSerenityBaseRunner.java:51)&#13;
worker.org.gradle.process.internal.worker.GradleWorkerMain.run(GradleWorkerMain.java:69)&#13;
worker.org.gradle.process.internal.worker.GradleWorkerMain.main(GradleWorkerMain.java:74)&#13;
</system-err></testcase><testcase name="3. New credit application Emma JM"/><testcase name="4. Request Cash Loan in Emma JM"/></testsuite>