<?xml version="1.0" encoding="UTF-8" standalone="no"?><testsuite errors="1" failures="0" name="Regression CashLoan new client" skipped="0" tests="7" time="32.4" timestamp="2023-11-15 07:28:49"><testcase name="1. New credit application Emma JM uat"/><testcase name="2. New loan quoter Emma JM uat"/><testcase name="3. New credit application status Emma JM uat"/><testcase name="4. New credit application post sale evaluation Emma JM uat"/><testcase name="5. Test consult client JM uat"/><testcase name="6. Test Rest Disbursement"><error message="Some exception during recording fields" type="java.lang.RuntimeException">Some exception during recording fields</error><system-err>Some exception during recording fields&#13;
net.serenitybdd.rest.filters.FieldsRecordingFilter.filter(FieldsRecordingFilter.java:53)&#13;
io.restassured.internal.filter.FilterContextImpl.next(FilterContextImpl.groovy:72)&#13;
io.restassured.filter.log.RequestLoggingFilter.filter(RequestLoggingFilter.java:146)&#13;
net.serenitybdd.rest.filters.FieldsRecordingFilter.filter(FieldsRecordingFilter.java:40)&#13;
io.restassured.internal.filter.FilterContextImpl.next(FilterContextImpl.groovy:72)&#13;
io.restassured.filter.log.RequestLoggingFilter.filter(RequestLoggingFilter.java:146)&#13;
net.serenitybdd.rest.filters.FieldsRecordingFilter.filter(FieldsRecordingFilter.java:40)&#13;
io.restassured.internal.filter.FilterContextImpl.next(FilterContextImpl.groovy:72)&#13;
io.restassured.filter.log.RequestLoggingFilter.filter(RequestLoggingFilter.java:146)&#13;
net.serenitybdd.rest.filters.FieldsRecordingFilter.filter(FieldsRecordingFilter.java:40)&#13;
io.restassured.internal.filter.FilterContextImpl.next(FilterContextImpl.groovy:72)&#13;
io.restassured.filter.log.RequestLoggingFilter.filter(RequestLoggingFilter.java:146)&#13;
net.serenitybdd.rest.filters.FieldsRecordingFilter.filter(FieldsRecordingFilter.java:40)&#13;
io.restassured.internal.filter.FilterContextImpl.next(FilterContextImpl.groovy:72)&#13;
io.restassured.filter.log.RequestLoggingFilter.filter(RequestLoggingFilter.java:146)&#13;
net.serenitybdd.rest.filters.FieldsRecordingFilter.filter(FieldsRecordingFilter.java:40)&#13;
io.restassured.internal.filter.FilterContextImpl.next(FilterContextImpl.groovy:72)&#13;
io.restassured.internal.RequestSpecificationImpl.applyPathParamsAndSendRequest(RequestSpecificationImpl.groovy:1704)&#13;
io.restassured.internal.RequestSpecificationImpl.this$2$applyPathParamsAndSendRequest(RequestSpecificationImpl.groovy)&#13;
groovy.lang.MetaMethod.doMethodInvoke(MetaMethod.java:328)&#13;
groovy.lang.MetaClassImpl.doInvokeMethod(MetaClassImpl.java:1332)&#13;
groovy.lang.MetaClassImpl.invokeMethod(MetaClassImpl.java:1087)&#13;
groovy.lang.MetaClassImpl.invokeMethod(MetaClassImpl.java:1006)&#13;
groovy.lang.MetaClassImpl.invokeMethod(MetaClassImpl.java:789)&#13;
io.restassured.internal.RequestSpecificationImpl.invokeMethod(RequestSpecificationImpl.groovy)&#13;
io.restassured.internal.RequestSpecificationImpl.applyPathParamsAndSendRequest(RequestSpecificationImpl.groovy:1710)&#13;
io.restassured.internal.RequestSpecificationImpl.this$2$applyPathParamsAndSendRequest(RequestSpecificationImpl.groovy)&#13;
groovy.lang.MetaMethod.doMethodInvoke(MetaMethod.java:328)&#13;
groovy.lang.MetaClassImpl.doInvokeMethod(MetaClassImpl.java:1332)&#13;
groovy.lang.MetaClassImpl.invokeMethod(MetaClassImpl.java:1087)&#13;
groovy.lang.MetaClassImpl.invokeMethod(MetaClassImpl.java:1006)&#13;
groovy.lang.MetaClassImpl.invokeMethod(MetaClassImpl.java:789)&#13;
io.restassured.internal.RequestSpecificationImpl.invokeMethod(RequestSpecificationImpl.groovy)&#13;
io.restassured.internal.RequestSpecificationImpl.post(RequestSpecificationImpl.groovy:176)&#13;
net.serenitybdd.rest.decorators.request.RequestSpecificationDecorated.executeCall(RequestSpecificationDecorated.java:309)&#13;
net.serenitybdd.rest.decorators.request.RequestSpecificationDecorated.execute(RequestSpecificationDecorated.java:268)&#13;
net.serenitybdd.rest.decorators.request.RequestSpecificationDecorated.post(RequestSpecificationDecorated.java:120)&#13;
net.serenitybdd.rest.decorators.request.RequestSpecificationDecorated.post(RequestSpecificationDecorated.java:38)&#13;
net.thucydides.core.steps.StepInterceptor.invokeMethod(StepInterceptor.java:519)&#13;
net.thucydides.core.steps.StepInterceptor.executeTestStepMethod(StepInterceptor.java:499)&#13;
net.thucydides.core.steps.StepInterceptor.runTestStep(StepInterceptor.java:471)&#13;
net.thucydides.core.steps.StepInterceptor.runOrSkipMethod(StepInterceptor.java:213)&#13;
net.thucydides.core.steps.StepInterceptor.testStepResult(StepInterceptor.java:200)&#13;
net.thucydides.core.steps.StepInterceptor.intercept(StepInterceptor.java:92)&#13;
org.unicomer.task.services.SearchLastAccount.performAs(SearchLastAccount.java:31)&#13;
net.thucydides.core.steps.StepInterceptor.invokeMethod(StepInterceptor.java:519)&#13;
net.thucydides.core.steps.StepInterceptor.executeTestStepMethod(StepInterceptor.java:499)&#13;
net.thucydides.core.steps.StepInterceptor.runTestStep(StepInterceptor.java:471)&#13;
net.thucydides.core.steps.StepInterceptor.runOrSkipMethod(StepInterceptor.java:213)&#13;
net.thucydides.core.steps.StepInterceptor.testStepResult(StepInterceptor.java:200)&#13;
net.thucydides.core.steps.StepInterceptor.intercept(StepInterceptor.java:92)&#13;
org.unicomer.stepDefinitions.Services.ServicesRestCL.use_the(ServicesRestCL.java:15)&#13;
io.cucumber.java.Invoker.doInvoke(Invoker.java:66)&#13;
io.cucumber.java.Invoker.invoke(Invoker.java:24)&#13;
io.cucumber.java.AbstractGlueDefinition.invokeMethod(AbstractGlueDefinition.java:47)&#13;
io.cucumber.java.JavaStepDefinition.execute(JavaStepDefinition.java:29)&#13;
io.cucumber.core.runner.CoreStepDefinition.execute(CoreStepDefinition.java:66)&#13;
io.cucumber.core.runner.PickleStepDefinitionMatch.runStep(PickleStepDefinitionMatch.java:63)&#13;
io.cucumber.core.runner.TestStep.executeStep(TestStep.java:84)&#13;
io.cucumber.core.runner.TestStep.run(TestStep.java:56)&#13;
io.cucumber.core.runner.PickleStepTestStep.run(PickleStepTestStep.java:51)&#13;
io.cucumber.core.runner.TestCase.run(TestCase.java:84)&#13;
io.cucumber.core.runner.Runner.runPickle(Runner.java:75)&#13;
io.cucumber.core.runtime.CucumberExecutionContext.lambda$runTestCase$5(CucumberExecutionContext.java:137)&#13;
io.cucumber.core.runtime.RethrowingThrowableCollector.executeAndThrow(RethrowingThrowableCollector.java:23)&#13;
io.cucumber.core.runtime.CucumberExecutionContext.runTestCase(CucumberExecutionContext.java:137)&#13;
io.cucumber.junit.FeatureRunner.runChild(FeatureRunner.java:144)&#13;
io.cucumber.junit.FeatureRunner.runChild(FeatureRunner.java:28)&#13;
io.cucumber.junit.FeatureRunner.run(FeatureRunner.java:137)&#13;
io.cucumber.junit.CucumberSerenityBaseRunner.runChild(CucumberSerenityBaseRunner.java:330)&#13;
io.cucumber.junit.CucumberSerenityBaseRunner.runChild(CucumberSerenityBaseRunner.java:51)&#13;
worker.org.gradle.process.internal.worker.GradleWorkerMain.run(GradleWorkerMain.java:69)&#13;
worker.org.gradle.process.internal.worker.GradleWorkerMain.main(GradleWorkerMain.java:74)&#13;
</system-err></testcase><testcase name="7. Test consult client JM uat"/></testsuite>