<?xml version="1.0" encoding="UTF-8" standalone="no"?><testsuite errors="0" failures="0" name="Regression CashLoan new client" skipped="0" tests="6" time="14.0" timestamp="2023-11-16 09:24:24"><testcase name="1. New credit application Emma JM uat"/><testcase name="2. New loan quoter Emma JM uat"/><testcase name="3. New credit application status Emma JM uat"/><testcase name="4. New credit application post sale evaluation Emma JM uat"/><testcase name="5. Test consult client JM uat"/><testcase name="7. Test consult client JM uat"/></testsuite>