<?xml version="1.0" encoding="UTF-8" standalone="no"?><testsuite errors="1" failures="0" name="Emma New client AW uat" skipped="0" tests="4" time="17.3" timestamp="2024-02-27 12:49:33"><testcase name="1. New credit application Emma AW uat"/><testcase name="2. Approved client in analysis AW"/><testcase name="4. New loan quoter Emma AR uat"/><testcase name="2. Approve Cash Loan in Workflow"><error message="Could not find a matching constructor for class class org.unicomer.task.workflow.Navigate with parameters [https://workflow-uat.unicomer.com/ , Analyst]" type="java.lang.IllegalArgumentException">Could not find a matching constructor for class class org.unicomer.task.workflow.Navigate with parameters [https://workflow-uat.unicomer.com/ , Analyst]</error><system-err>Could not find a matching constructor for class class org.unicomer.task.workflow.Navigate with parameters [https://workflow-uat.unicomer.com/ , Analyst]
net.thucydides.core.steps.StepFactory.argumentTypesFrom(StepFactory.java:307)
net.thucydides.core.steps.StepFactory.immutableStepLibrary(StepFactory.java:295)
net.thucydides.core.steps.StepFactory.createProxyStepLibrary(StepFactory.java:251)
net.thucydides.core.steps.StepFactory.instantiateUniqueStepLibraryFor(StepFactory.java:219)
net.thucydides.core.steps.StepFactory.getUniqueStepLibraryFor(StepFactory.java:153)
org.unicomer.task.workflow.NavigateApprovedCL.page(NavigateApprovedCL.java:43)
org.unicomer.stepDefinitions.emma.Login.navigate_into_WorkFlow(Login.java:38)
✽.User navigate into Workflow "Aruba" with "Analyst"(file:///Users/joseclemente/Documents/ecosystem-regression/src/test/resources/features/emma/aw/Regression.feature:53)
</system-err></testcase></testsuite>