<?xml version="1.0" encoding="UTF-8" standalone="no"?><testsuite errors="0" failures="0" name="Regression CashLoan new client" skipped="0" tests="6" time="12.51" timestamp="2023-12-19 07:41:00"><testcase name="1. New credit application Emma JM uat"/><testcase name="2. New loan quoter Emma JM uat"/><testcase name="3. New credit application status Emma JM uat"/><testcase name="4. New credit application post sale evaluation Emma JM uat"/><testcase name="5. Test consult client JM uat"/><testcase name="6. Validate result of Cash Loan in WF"/></testsuite>