<?xml version="1.0" encoding="UTF-8" standalone="no"?><testsuite errors="0" failures="0" name="Regression JM" skipped="0" tests="9" time="12.99" timestamp="2024-03-25 09:14:17"><testcase name="1. New credit application Emma JM"/><testcase name="2. Consult client in Workflow"/><testcase name="3. Consult client in Mambu"/><testcase name="4. Request Cash Loan in Emma JM"/><testcase name="5. Consult Cash Loan in Workflow"/><testcase name="6. Request Disburment Cash Loan in Emma JM"/><testcase name="7. Consult Cash Loan Disburment in Workflow"/><testcase name="8. Consult Cash Loan in Mambu"/><testcase name="9. Regression test validations"/></testsuite>