<?xml version="1.0" encoding="UTF-8" standalone="no"?><testsuite errors="0" failures="0" name="Emma New client JM uat" skipped="0" tests="12" time="20.9" timestamp="2023-11-27 10:45:29"><testcase name="1. New credit application Emma JM uat"/><testcase name="2. Assign client to analyst"/><testcase name="3. Approve client into Workflow"/><testcase name="4. New loan quoter Emma JM uat"/><testcase name="5. New credit application status Emma JM uat"/><testcase name="6.Assign cash loan client to analyst"/><testcase name="7. Approve loan request"/><testcase name="8. New credit application post sale evaluation Emma AW uat"/><testcase name="9. Validate status client in Mambu"/><testcase name="10. Disburse client in Mambu"/><testcase name="11. Validate status client in Mambu"/><testcase name="12. Validate amount of CashLoan"/></testsuite>