<?xml version="1.0" encoding="UTF-8" standalone="no"?><testsuite errors="0" failures="0" name="Regression CashLoan new client" skipped="0" tests="8" time="15.83" timestamp="2023-09-27 09:14:58"><testcase name="1. New credit application Emma JM uat"/><testcase name="2. Reassign new client ticket"/><testcase name="3. Approve new client request"/><testcase name="4. New loan quoter Emma JM uat"/><testcase name="5. New credit application status Emma JM uat"/><testcase name="6. Approve loan request"/><testcase name="7. New credit application post sale evaluation Emma JM uat"/><testcase name="Test Rest Disbursement"/></testsuite>