<?xml version="1.0" encoding="UTF-8" standalone="no"?><testsuite errors="2" failures="1" name="Mambu consult client JM uat" skipped="0" tests="3" time="8.61" timestamp="2023-10-30 07:06:07"><testcase name="Test new pay apply repayment JM uat"><error message="Cannot invoke &quot;java.util.Map.get(Object)&quot; because &quot;entry&quot; is null" type="java.lang.NullPointerException">Cannot invoke "java.util.Map.get(Object)" because "entry" is null</error><system-err>Cannot invoke "java.util.Map.get(Object)" because "entry" is null&#13;
org.unicomer.models.PaymentsAccounting.&lt;init&gt;(PaymentsAccounting.java:21)&#13;
org.unicomer.stepDefinitions.CreateCustomerModel.customer_data(CreateCustomerModel.java:31)&#13;
✽.Read data from excel to create 12 PaymentsAccounting models(file:///C:/Users/rigoberto_campos/Documents/AutomationProjects/LocalProjects/IntelliJProjects/ecosystem-automation-screenplay/src/test/resources/features/mambu/jm/new_consult_client.feature:17)&#13;
</system-err></testcase></testsuite>